I, [2018-02-06T12:14:08.509885 #35984]  INFO -- default-ubuntu-1604: -----> Converging <default-ubuntu-1604>...
I, [2018-02-06T12:14:08.510553 #35984]  INFO -- default-ubuntu-1604: Preparing files for transfer
I, [2018-02-06T12:14:08.510696 #35984]  INFO -- default-ubuntu-1604: Preparing dna.json
I, [2018-02-06T12:14:08.511167 #35984]  INFO -- default-ubuntu-1604: Resolving cookbook dependencies with Berkshelf 6.3.1...
I, [2018-02-06T12:14:14.872311 #35984]  INFO -- default-ubuntu-1604: Removing non-cookbook files before transfer
I, [2018-02-06T12:14:14.875200 #35984]  INFO -- default-ubuntu-1604: Preparing validation.pem
I, [2018-02-06T12:14:14.875694 #35984]  INFO -- default-ubuntu-1604: Preparing client.rb
I, [2018-02-06T12:14:15.060965 #35984]  INFO -- default-ubuntu-1604: -----> Chef Omnibus installation detected (install only if missing)
I, [2018-02-06T12:14:15.080276 #35984]  INFO -- default-ubuntu-1604: Transferring files to <default-ubuntu-1604>
I, [2018-02-06T12:14:16.581833 #35984]  INFO -- default-ubuntu-1604: Starting Chef Client, version 13.7.16
I, [2018-02-06T12:14:17.984903 #35984]  INFO -- default-ubuntu-1604: resolving cookbooks for run list: ["node::default"]
I, [2018-02-06T12:14:17.988791 #35984]  INFO -- default-ubuntu-1604: 
I, [2018-02-06T12:14:17.988872 #35984]  INFO -- default-ubuntu-1604: ================================================================================
I, [2018-02-06T12:14:17.988953 #35984]  INFO -- default-ubuntu-1604: Error Resolving Cookbooks for Run List:
I, [2018-02-06T12:14:17.989301 #35984]  INFO -- default-ubuntu-1604: ================================================================================
I, [2018-02-06T12:14:17.989351 #35984]  INFO -- default-ubuntu-1604: 
I, [2018-02-06T12:14:17.989536 #35984]  INFO -- default-ubuntu-1604: Missing Cookbooks:
I, [2018-02-06T12:14:17.989603 #35984]  INFO -- default-ubuntu-1604: ------------------
I, [2018-02-06T12:14:17.989623 #35984]  INFO -- default-ubuntu-1604: No such cookbook: node
I, [2018-02-06T12:14:17.989640 #35984]  INFO -- default-ubuntu-1604: 
I, [2018-02-06T12:14:17.989656 #35984]  INFO -- default-ubuntu-1604: Expanded Run List:
I, [2018-02-06T12:14:17.989672 #35984]  INFO -- default-ubuntu-1604: ------------------
I, [2018-02-06T12:14:17.989927 #35984]  INFO -- default-ubuntu-1604: * node::default
I, [2018-02-06T12:14:17.989973 #35984]  INFO -- default-ubuntu-1604: 
I, [2018-02-06T12:14:17.990504 #35984]  INFO -- default-ubuntu-1604: System Info:
I, [2018-02-06T12:14:17.990554 #35984]  INFO -- default-ubuntu-1604: ------------
I, [2018-02-06T12:14:17.990574 #35984]  INFO -- default-ubuntu-1604: chef_version=13.7.16
I, [2018-02-06T12:14:17.990592 #35984]  INFO -- default-ubuntu-1604: platform=ubuntu
I, [2018-02-06T12:14:17.990608 #35984]  INFO -- default-ubuntu-1604: platform_version=16.04
I, [2018-02-06T12:14:17.990626 #35984]  INFO -- default-ubuntu-1604: ruby=ruby 2.4.3p205 (2017-12-14 revision 61247) [x86_64-linux]
I, [2018-02-06T12:14:17.990655 #35984]  INFO -- default-ubuntu-1604: program_name=chef-client worker: ppid=1985;start=12:14:15;
I, [2018-02-06T12:14:17.990686 #35984]  INFO -- default-ubuntu-1604: executable=/opt/chef/bin/chef-client
I, [2018-02-06T12:14:17.990718 #35984]  INFO -- default-ubuntu-1604: 
I, [2018-02-06T12:14:17.991187 #35984]  INFO -- default-ubuntu-1604: 
I, [2018-02-06T12:14:17.991249 #35984]  INFO -- default-ubuntu-1604: Running handlers:
I, [2018-02-06T12:14:17.991629 #35984]  INFO -- default-ubuntu-1604: [2018-02-06T12:14:16+00:00] ERROR: Running exception handlers
I, [2018-02-06T12:14:17.992083 #35984]  INFO -- default-ubuntu-1604: Running handlers complete
I, [2018-02-06T12:14:17.992425 #35984]  INFO -- default-ubuntu-1604: [2018-02-06T12:14:16+00:00] ERROR: Exception handlers complete
I, [2018-02-06T12:14:17.993060 #35984]  INFO -- default-ubuntu-1604: Chef Client failed. 0 resources updated in 01 seconds
I, [2018-02-06T12:14:17.994435 #35984]  INFO -- default-ubuntu-1604: [2018-02-06T12:14:16+00:00] FATAL: Stacktrace dumped to /tmp/kitchen/cache/chef-stacktrace.out
I, [2018-02-06T12:14:17.994493 #35984]  INFO -- default-ubuntu-1604: [2018-02-06T12:14:16+00:00] FATAL: Please provide the contents of the stacktrace.out file if you file a bug report
I, [2018-02-06T12:14:17.994759 #35984]  INFO -- default-ubuntu-1604: [2018-02-06T12:14:16+00:00] ERROR: 412 "Precondition Failed"
I, [2018-02-06T12:14:18.011608 #35984]  INFO -- default-ubuntu-1604: [2018-02-06T12:14:16+00:00] FATAL: Chef::Exceptions::ChildConvergeError: Chef run process exited unsuccessfully (exit code 1)
E, [2018-02-06T12:14:18.027592 #35984] ERROR -- default-ubuntu-1604: Converge failed on instance <default-ubuntu-1604>.
E, [2018-02-06T12:14:18.027695 #35984] ERROR -- default-ubuntu-1604: ------Exception-------
E, [2018-02-06T12:14:18.027716 #35984] ERROR -- default-ubuntu-1604: Class: Kitchen::ActionFailed
E, [2018-02-06T12:14:18.027730 #35984] ERROR -- default-ubuntu-1604: Message: SSH exited (1) for command: [sh -c '
TEST_KITCHEN="1"; export TEST_KITCHEN
sudo -E /opt/chef/bin/chef-client --local-mode --config /tmp/kitchen/client.rb --log_level auto --force-formatter --no-color --json-attributes /tmp/kitchen/dna.json --chef-zero-port 8889 
']
E, [2018-02-06T12:14:18.027743 #35984] ERROR -- default-ubuntu-1604: ----------------------
E, [2018-02-06T12:14:18.027755 #35984] ERROR -- default-ubuntu-1604: ------Backtrace-------
E, [2018-02-06T12:14:18.027767 #35984] ERROR -- default-ubuntu-1604: /opt/chefdk/embedded/lib/ruby/gems/2.4.0/gems/test-kitchen-1.19.2/lib/kitchen/provisioner/base.rb:83:in `rescue in call'
E, [2018-02-06T12:14:18.027779 #35984] ERROR -- default-ubuntu-1604: /opt/chefdk/embedded/lib/ruby/gems/2.4.0/gems/test-kitchen-1.19.2/lib/kitchen/provisioner/base.rb:86:in `call'
E, [2018-02-06T12:14:18.027791 #35984] ERROR -- default-ubuntu-1604: /opt/chefdk/embedded/lib/ruby/gems/2.4.0/gems/test-kitchen-1.19.2/lib/kitchen/instance.rb:393:in `block in converge_action'
E, [2018-02-06T12:14:18.027803 #35984] ERROR -- default-ubuntu-1604: /opt/chefdk/embedded/lib/ruby/gems/2.4.0/gems/test-kitchen-1.19.2/lib/kitchen/instance.rb:536:in `synchronize_or_call'
E, [2018-02-06T12:14:18.027815 #35984] ERROR -- default-ubuntu-1604: /opt/chefdk/embedded/lib/ruby/gems/2.4.0/gems/test-kitchen-1.19.2/lib/kitchen/instance.rb:498:in `block in action'
E, [2018-02-06T12:14:18.027827 #35984] ERROR -- default-ubuntu-1604: /opt/chefdk/embedded/lib/ruby/2.4.0/benchmark.rb:293:in `measure'
E, [2018-02-06T12:14:18.027839 #35984] ERROR -- default-ubuntu-1604: /opt/chefdk/embedded/lib/ruby/gems/2.4.0/gems/test-kitchen-1.19.2/lib/kitchen/instance.rb:497:in `action'
E, [2018-02-06T12:14:18.027851 #35984] ERROR -- default-ubuntu-1604: /opt/chefdk/embedded/lib/ruby/gems/2.4.0/gems/test-kitchen-1.19.2/lib/kitchen/instance.rb:389:in `converge_action'
E, [2018-02-06T12:14:18.027866 #35984] ERROR -- default-ubuntu-1604: /opt/chefdk/embedded/lib/ruby/gems/2.4.0/gems/test-kitchen-1.19.2/lib/kitchen/instance.rb:368:in `block in transition_to'
E, [2018-02-06T12:14:18.027878 #35984] ERROR -- default-ubuntu-1604: /opt/chefdk/embedded/lib/ruby/gems/2.4.0/gems/test-kitchen-1.19.2/lib/kitchen/instance.rb:367:in `each'
E, [2018-02-06T12:14:18.027891 #35984] ERROR -- default-ubuntu-1604: /opt/chefdk/embedded/lib/ruby/gems/2.4.0/gems/test-kitchen-1.19.2/lib/kitchen/instance.rb:367:in `transition_to'
E, [2018-02-06T12:14:18.027903 #35984] ERROR -- default-ubuntu-1604: /opt/chefdk/embedded/lib/ruby/gems/2.4.0/gems/test-kitchen-1.19.2/lib/kitchen/instance.rb:157:in `verify'
E, [2018-02-06T12:14:18.027914 #35984] ERROR -- default-ubuntu-1604: /opt/chefdk/embedded/lib/ruby/gems/2.4.0/gems/test-kitchen-1.19.2/lib/kitchen/command.rb:197:in `public_send'
E, [2018-02-06T12:14:18.027926 #35984] ERROR -- default-ubuntu-1604: /opt/chefdk/embedded/lib/ruby/gems/2.4.0/gems/test-kitchen-1.19.2/lib/kitchen/command.rb:197:in `run_action_in_thread'
E, [2018-02-06T12:14:18.027939 #35984] ERROR -- default-ubuntu-1604: /opt/chefdk/embedded/lib/ruby/gems/2.4.0/gems/test-kitchen-1.19.2/lib/kitchen/command.rb:169:in `block (2 levels) in run_action'
E, [2018-02-06T12:14:18.027950 #35984] ERROR -- default-ubuntu-1604: ----End Backtrace-----
E, [2018-02-06T12:14:18.027971 #35984] ERROR -- default-ubuntu-1604: ---Nested Exception---
E, [2018-02-06T12:14:18.027984 #35984] ERROR -- default-ubuntu-1604: Class: Kitchen::Transport::SshFailed
E, [2018-02-06T12:14:18.027996 #35984] ERROR -- default-ubuntu-1604: Message: SSH exited (1) for command: [sh -c '
TEST_KITCHEN="1"; export TEST_KITCHEN
sudo -E /opt/chef/bin/chef-client --local-mode --config /tmp/kitchen/client.rb --log_level auto --force-formatter --no-color --json-attributes /tmp/kitchen/dna.json --chef-zero-port 8889 
']
E, [2018-02-06T12:14:18.028008 #35984] ERROR -- default-ubuntu-1604: ----------------------
E, [2018-02-06T12:14:18.028020 #35984] ERROR -- default-ubuntu-1604: ------Backtrace-------
E, [2018-02-06T12:14:18.028031 #35984] ERROR -- default-ubuntu-1604: /opt/chefdk/embedded/lib/ruby/gems/2.4.0/gems/test-kitchen-1.19.2/lib/kitchen/provisioner/base.rb:83:in `rescue in call'
E, [2018-02-06T12:14:18.028043 #35984] ERROR -- default-ubuntu-1604: /opt/chefdk/embedded/lib/ruby/gems/2.4.0/gems/test-kitchen-1.19.2/lib/kitchen/provisioner/base.rb:86:in `call'
E, [2018-02-06T12:14:18.028054 #35984] ERROR -- default-ubuntu-1604: /opt/chefdk/embedded/lib/ruby/gems/2.4.0/gems/test-kitchen-1.19.2/lib/kitchen/instance.rb:393:in `block in converge_action'
E, [2018-02-06T12:14:18.028066 #35984] ERROR -- default-ubuntu-1604: /opt/chefdk/embedded/lib/ruby/gems/2.4.0/gems/test-kitchen-1.19.2/lib/kitchen/instance.rb:536:in `synchronize_or_call'
E, [2018-02-06T12:14:18.028077 #35984] ERROR -- default-ubuntu-1604: /opt/chefdk/embedded/lib/ruby/gems/2.4.0/gems/test-kitchen-1.19.2/lib/kitchen/instance.rb:498:in `block in action'
E, [2018-02-06T12:14:18.028093 #35984] ERROR -- default-ubuntu-1604: /opt/chefdk/embedded/lib/ruby/2.4.0/benchmark.rb:293:in `measure'
E, [2018-02-06T12:14:18.028104 #35984] ERROR -- default-ubuntu-1604: /opt/chefdk/embedded/lib/ruby/gems/2.4.0/gems/test-kitchen-1.19.2/lib/kitchen/instance.rb:497:in `action'
E, [2018-02-06T12:14:18.028116 #35984] ERROR -- default-ubuntu-1604: /opt/chefdk/embedded/lib/ruby/gems/2.4.0/gems/test-kitchen-1.19.2/lib/kitchen/instance.rb:389:in `converge_action'
E, [2018-02-06T12:14:18.028128 #35984] ERROR -- default-ubuntu-1604: /opt/chefdk/embedded/lib/ruby/gems/2.4.0/gems/test-kitchen-1.19.2/lib/kitchen/instance.rb:368:in `block in transition_to'
E, [2018-02-06T12:14:18.028140 #35984] ERROR -- default-ubuntu-1604: /opt/chefdk/embedded/lib/ruby/gems/2.4.0/gems/test-kitchen-1.19.2/lib/kitchen/instance.rb:367:in `each'
E, [2018-02-06T12:14:18.028152 #35984] ERROR -- default-ubuntu-1604: /opt/chefdk/embedded/lib/ruby/gems/2.4.0/gems/test-kitchen-1.19.2/lib/kitchen/instance.rb:367:in `transition_to'
E, [2018-02-06T12:14:18.028163 #35984] ERROR -- default-ubuntu-1604: /opt/chefdk/embedded/lib/ruby/gems/2.4.0/gems/test-kitchen-1.19.2/lib/kitchen/instance.rb:157:in `verify'
E, [2018-02-06T12:14:18.028175 #35984] ERROR -- default-ubuntu-1604: /opt/chefdk/embedded/lib/ruby/gems/2.4.0/gems/test-kitchen-1.19.2/lib/kitchen/command.rb:197:in `public_send'
E, [2018-02-06T12:14:18.028186 #35984] ERROR -- default-ubuntu-1604: /opt/chefdk/embedded/lib/ruby/gems/2.4.0/gems/test-kitchen-1.19.2/lib/kitchen/command.rb:197:in `run_action_in_thread'
E, [2018-02-06T12:14:18.028198 #35984] ERROR -- default-ubuntu-1604: /opt/chefdk/embedded/lib/ruby/gems/2.4.0/gems/test-kitchen-1.19.2/lib/kitchen/command.rb:169:in `block (2 levels) in run_action'
E, [2018-02-06T12:14:18.028210 #35984] ERROR -- default-ubuntu-1604: ----End Backtrace-----
