[   0.000000]Intializing cgroup ubys cust
[   0.0000] Inialzingcgoup ubys cpu
[   .000000] nializing cgroup subsys cpuacct
[    0.00000] inux version 4.4.0-112-generic (buildd@lgw01-amd64-010) (c version 5.0 20160 (Ubnt5.4.0ubntu1~6..5) ) #35Ubuntu SMP Fri Jan 19 11:48:3UT 218 (Ubuntu 4.4.0-112.15-generc 4.4.9)[    0.00000] Commnd line: BOOT_IMAE=/boot/vlinuz-4.4.0-112-generic root=LABEL=cloudimg-rootfs ro console=tty1 console=ttyS0
[    .00000] KERNEL supported cpus:
[    0.000000]   Intel GenuineIntel
[    0.000000]   AMD AuthenticAMD
[   0.00000]   Centaur CentaurHauls
[    0.000000] x86/fpu: xstate_offset[2]:  576, xstate_sizes[2]:  256
[    0.000000] x86/fpu: Supporting XSAVE feature 0x01: 'x87 floating point reister'
[    0.000] x86/fpu: SpprtingXSE feature 02: 'SSE reiser'
[    0.000000] x86/fpu: Suprting XSAVE feature 0x04: 'AVX regiters'
[    0.000000] x86/fpu: Enaled xate atur 0x7, context size is 832 bytes, using 'standard' format.
[    0.000000] x86/fpu: Usinglazy' F context switches.
[    0.000000] e820: BIOS-provided physical RAM map:
[    0.000000] BIOS-e820: [mem 0x00000000000-0000000000fbf] uable
[    0.000000] BIOS820: [mem 0x000000000009fc00-0x000000000009ffff] reserved
[    0.000000] BIOS-e820: [mem 0x00000000000f0000-0x00000000000fffff] reserved
[    0.000000] BIOS-e820: [mem 0x0000000000100000-0x000000003ffeffff] usable
[    0.000000] BIOS-e820: [mem 0x000000003fff0000-0x000000003fffffff] ACPI data
[    0.000000] BIOS-e820: [mem 000000000fec00000-x00000000fec00fff] reserved[    0.0000] BIOS820: [mem 0x00000000fee00000-0x00000000fee00fff] reserved
[    0.000000] BIOS-e820: [mem 0x00000000fffc0000-0x00000000fffffff]reserved
[    00000] X (Execut Disable prottin:acve
[  0000000] SMBIO 2 present.
[   .000000] Hyperviordetected: KV
  0.00000]820:la_pfn = 0x3fff0 max_arch_pfn = 0x400000000
[    0.000000] MTRR: Disabled
[    0.000000] x86/PAT: MTRRsdiabled, sippingPA intiliatioto.
  0.00000] U MTR al blak virtaled syte
[  000000]x8/PAT: Configuration [0-7]: WB  WT  UC- UC  WB  WT  UC- UC  
[    0.000000] found SMP MP-table at [mem 0x0009fff0-0x0009ffff] mapped at [ffff88000009fff0]
[    00000] Scanni 1areas fo lw memry corruption
[     0.000] RAIS: [mm 36adc00-0x77565fff]
[    0.00000] API: Ealy tablechecksum veriiction dibled
[   .00000] CP: SDP0x0000000E0000024 (v02 VBOX  )
[    0.000000] ACPI: XSDT 0x000000003FFF0030 0003C (v01 VBOX   VBOXSDT 00000001 ASL  00000061)
[    0.000000] ACPI: FACP 0x00000000FF00F0 0000F4 (v04 VB   VBOXFACP 00000001 ASL  00000061)
[  000000 API: DSDTx000000003FFF0470 0021FF (v02 VBOX   VBOXBIOS 00000002 INTL 20100528)
[    0.000000] ACPI: FACS 0x000000003FFF0200 000040
[  00000] ACPI: FACS 0x000000003FFF0200 000040
[    0.000000] ACPI: APIC 0x000000003FFF0240 00005C (v02 VBOX   VBOXAPIC 00000001 ASL  00000061)
[    0.000000] ACPI: SSDT 0x000000003FFF02A0 0001CC (v01 VBOX   VBOXCPUT 00000002 INTL2000528)
[    00000] No NUMAcoiguraio found
[    0.000000] Faking a node at [mem 0x0000000000000000-0x000000003ffeffff]
[    0.000000] NODE_DATA(0) allocated [mem 0x3ffeb000-0x3ffeffff]
[    0.000000] kvm-clock: Using msrs 4b564d01 and 4b564d00
[    0.000000] kvm-clock: cpu 0, msr 0:3ffe3001, primary cpu clock
[    0.000000] kvm-clock: using sched offset of 3266049102 cycles
[    0.000000] clocksource: kvm-clock: mask: 0xffffffffffffffff max_cycles: 0x1cd42e4dffb, max_idle_ns: 881590591483 ns
[    0.000000] Zone ranges:
[    0.000000]   DMA     [mm x00000000010-x0000000fffff
[    0.00000  DMA32    me 0000000100000-000000003ffeffff]
[    0.000000]   Normal   empty
[    0.000000]   Device   empty
[    0.000000] Movable zone start for each node
[    0.000000] Early memory node ranges
[    0.000000]   node   0: [mem 0x0000000000001000-0x000000000009efff]
[    0.000000]   node   0: [mem 0x0000000000100000-0x000000003ffeff]
[  0000000] Inmem setu nde 0[m 0x0000000000001000-0x000000003ffeff][   0.00000] PI: P-Tme IO ort: x4008
[   00000] IOAPIC[0] aic_i2, veion 32,adres 0xfec000, GSI 0-23
[    0.000000] ACP: I_SC_OV(bus bus_irq 0 loalir 2 dfl dfl)
[    0.000000] ACPI: INT_SRCVR (bus 0 bu_i 9 globl_rq 9 low level)
[    00000] sing ACI (MAD fr SMPcoiguraioinformation
[    0.000000] smpboot: Allowing 2 CPUs, 0 hotplug CPUs
[    0.000000] PM: Registered nosave memory: [mem 0x00000000-0x0000ff]
[    0.0000] PM: Registered nosaveemory: [mem 0x0009f000-0x0009fff]
[  0000000]  PM: Registered nosave memory [em 0x000a0000-0x000effff]
[    0.000000] PM: Registered nosave mery [mem 0x0f000-0x000fffff]
[    0.000000] e820: [mem 0x40000000-0xfebfffff] availbl for PCI device
[    0.00000] Booting parirtualized keel onVM
[  0.000000] clocksource: refined-jiffies: mask: 0xffffffff max_cycles: 0xffffffff, max_idle_ns: 7645519600211568 ns
[    0.000000] setup_pecpu: NR_CUS51 ncpumak_it51 n_c_ids2 r_no_ids1
[  000000 PERU: Eedded 34 pages/cpu @ffff88003fc00000 s99544 r8192 d31528 u1048576
[    0.000000] PV qspinlock hash table entries: 256 (order: 0, 4096 bytes)
[    0.000000] Built 1 onlists in Node order, mobility grouping on.  Total pages: 257913
[    0.000000] licy zone: DMA32
[    0.000000] Knel cmad le:BOOT_IMAGE=/boot/vmlinuz-4.4.0-112-generic root=LABEL=cloudimg-rootfs ro console=tty1 console=ttyS0
[    0.00000] PID hash tale enies: 4096 (order: 3, 32768 bytes)
[    0.000000] Memory: 1001740K/1048120K available (8499K kernel code, 109rwdata, 3988K rodaa,508K ini, 316K bss, 46380K reserved, 0K cma-reserved
[    0.000000] SLUB: HWalign=64, Order=0-3, MnObjects=0, CPUs=2, Nodes=1
[    0.000000] Kernel/User page tables isolati: enable
[   0.0000] Hierarchical CU implementation.
[    0.000000] 	Build-time adjustment of laf fout to 64.
[    0.0000000] 	RCU restricting CPUs from R_CPUS=512 to nr_cpu_ids2.
[    0.000000] CU Adjusting geometry for rcu_fanou_laf=64, nr_cpu_ids=2
[    0.000000 NR_IQS:33024 nirqs:440 16
[    0.000000] Console: colour VGA+ 80x25
[    0.000000] console [tty1] enabled
[    000000] console [ttyS] nabled
[    0.000000] tsc: Detected 1599.999 MHz processor
[   11.034145] Calibrating delay loop (skipped) preset value.. 3199.99 BogoMIPS (lpj=6399996)
[   11.061076] pid_max: default: 32768 minimum: 301
[   11.062325] ACPI: Core revision 20150930
[   11.080407] ACPI: 2 ACPI AML tables successfully acquired and loaded
[   11.097438] Security Framework initialized
[   11.105130] Yama: becoming mindful.
[   11.110513] AppArmor: AppArmor initialized
[   11.120484] Dentry cache hash table entries: 131072 (order: 8, 1048576 bytes)
[   11.140709] Inode-cache hash table entries: 65536 (order: 7, 524288 bytes)
[   11.180493] Mount-cache hash table entries: 2048 (order: 2, 16384 bytes)
[   11.210971] Mountpoint-cache hash table entries: 2048 (order: 2, 16384 bytes)
[   11.212815] Initializing cgroup subsys io
[   11.232217] Initializing cgroup subsys memory
[   11.237569] Initializing cgroup subsys devices
[   11.243060] Initializing cgroup subsys freezer
[   11.252404] Initializing cgroup subsys net_cls
[   11.278804] Initializing cgroup subsys perf_event
[   11.280635] Initializing cgroup subsys net_prio
[   11.281974] Initializing cgroup subsys hugetlb
[   11.284058] Initializing cgroup subsys pids
[   11.286689] CPU: Physical Processor ID: 0
[   11.288874] CPU: Processor Core ID: 0
[   11.300542] FEATURE SPEC_CTRL Not Present
[   11.323729] mce: CPU supports 0 MCE banks
[   11.344760] Last level iTLB entries: 4KB 64, 2MB 8, 4MB 8
[   11.385824] Last level dTLB entries: 4KB 64, 2MB 0, 4MB 0, 1GB 4
[   11.419625] Freeing SMP alternatives memory: 32K
[   11.454517] ftrace: allocating 32180 entries in 126 pages
[   11.515530] smpboot: APIC(0) Converting physical 0 to logical package 0
[   11.558809] smpboot: Max logical packages: 1
[   11.587353] x2apic enabled
[   11.604909] Switched APIC routing to physical x2apic.
[   11.613709] ..TIMER: vector=0x30 apic1=0 pin1=2 apic2=-1 pin2=-1
[  11.730521] smpboot: CPU0: Intel(R) Core(TM) i5-5250U CPU @ 1.60GHz (family: 0x6, model: 0x3d, stepping: 0x4)
[   11.899545] Performance Events: unsupported p6 CPU model 61 no PMU driver, software events only.
[   12.015995] KVM setup paravirtual spinlock
[   12.059984] x86: Booting SMP configuration:
[   12.075451] .... node  #0, CPUs:      #1
[   12.083668] kvm-clock: cpu 1, msr 0:3ffe3041, secondary cpu clock
[   12.115648] mce: CPU supports 0 MCE banks
[   12.144716] x86: Booted up 1 node, 2 CPUs
[   12.152814] smpboot: Total of 2 processors activated (6399.99 BogoMIPS)
[   12.216128] devtmpfs: initialized
[   12.235973] evm: security.selinux
[   12.253946] evm: security.SMACK64
[   12.265080] evm: security.SMACK64EXEC
[   12.302118] evm: security.SMACK64TRANSMUTE
[   12.327108] evm: security.SMACK64MMAP
[   12.364600] evm::security.ima
[   12.394319] evm: security.capability
[   12.432460] clocksource: jiffies: mask: 0xffffffff max_cycles: 0xffffffff, max_idle_ns: 7645041785100000 ns
[   12.478215] futex hash table entries: 512 (order: 3, 32768 bytes)
[   12.506684] pinctrl core: initialized pinctrl subsystem
[   12.523087] RTC time: 12:18:27, date: 02/06/18
[   12.529334] NET: Registered protocol family 16
[   12.602732] cpuidle: using governor ladder
[   12.663035] cpuidle: using governor menu
[   12.698154] PCCT header not found.
[   12.741017] ACPI: bus type PCI registered
[   12.751845] acpiphp: ACPI Hot Plug PCI Controller Driver version: 0.5
[   12.763221] PCI: Using configuration type 1 for base access
[   12.779621] ACPI: Added _OSI(Module Device)
[   12.795508] ACPI: Added _OSI(Processor Device)
[   12.802992] ACPI: Added _OSI(3.0 _SCP Extensions)
[   12.814145] ACPI: Added _OSI(Processor Aggregator Device)
[   12.842571] ACPI: Executed 1 blocks of module-level executable AML code
[   12.857735] ACPI: Interpreter enabled
[   12.871629] ACPI: (supports S0 S5)
[   12.889871] ACPI: Using IOAPIC for interrupt routing
[   12.910596] PCI: Using host bridge windows from ACPI; if necessary, use "pci=nocrs" and report a bug
[   12.960935] ACPI: PCI Root Bridge [PCI0] (domain 0000 [bus 00-ff])
[   13.022203] acpi PNP0A03:00: _OSC: OS supports [ASPM ClockPM Segments MSI]
[   13.042373] acpi PNP0A03:00: _OSC: not requesting OS control; OS requires [ExtendedConfig ASPM ClockPM MSI]
[   13.045029] acpi PNP0A03:00: fail to add MMCONFIG information, can't access extended PCI configuration space under this bridge.
[   13.053805] PCI host bridge to bus 0000:00
[   13.054972] pci_bus 0000:00: root bus resource [io  0x0000-0x0cf7 window]
[   13.062308] pci_bus 0000:00: root bus resource [io  0x0d00-0xffff window]
[   13.064069] pci_bus 0000:00: root bus resource [mem 0x000a0000-0x000bffff window]
[   13.068149] pci_bus 0000:00: root bus resource [mem 0x40000000-0xfdffffff window]
[   13.083461] pci_bus 0000:00: root bus resource [bus 00-ff]
[   13.124554] pci 0000:00:01.1: legacy IDE quirk: reg 0x10: [io  0x01f0-0x01f7]
[   13.218962] pci 0000:00:01.1: legacy IDE quirk: reg 0x14: [io  0x03f6]
[   13.276171] pci 0000:00:01.1: legacy IDE quirk: reg 0x18: [io  0x0170-0x0177]
[   13.308455] pci 0000:00:01.1: legacy IDE quirk: reg 0x1c: [io  0x0376]
[   13.340470] pci 0000:00:07.0: quirk: [io  0x4000-0x403f] claimed by PIIX4 ACPI
[   13.420035] pci 0000:00:07.0: quirk: [io  0x4100-0x410f] claimed by PIIX4 SMB
[   13.519225] ACPI: PCI Interrupt Link [LNKA] (IRQs 5 9 10 *11)
[   13.556957] ACPI: PCI Interrupt Link [LNKB] (IRQs 5 9 *10 11)
[   13.598511] ACPI: PCI Interrupt Link [LNKC] (IRQs 5 *9 10 11)
[   13.634542] ACPI: PCI Interrupt Link [LNKD] (IRQs 5 9 10 *11)
[   13.668203] ACPI: Enabled 2 GPEs in block 00 to 07
[   13.722026] vgaarb: setting as boot device: PCI:0000:00:02.0
[   13.744071] vgaarb: device added: PCI:0000:00:02.0,decodes=io+mem,owns=io+mem,locks=none
[   13.789020] vgaarb: loaded
[   13.818957] vgaarb: bridge control possible 0000:00:02.0
[   13.868226] SCSI subsystem initialized
[   13.875090] ACPI: bus type USB registered
[   13.899559] usbcore: registered new interface driver usbfs
[   13.916097] usbcore: registered new interface driver hub
[   13.920334] usbcore: registered new device driver usb
[   13.936498] PCI: Using ACPI for IRQ routing
[   13.944564] NetLabel: Initializing
[   13.952629] NetLabel:  domain hash size = 128
[   13.962382] NetLabel:  protocols = UNLABELED CIPSOv4
[   13.991124] NetLabel:  unlabeled traffic allowed by default
[   14.005738] amd_nb: Cannot enumerate AMD northbridges
[   14.063864] clocksource: Switched to clocksource kvm-clock
[   140964 AArr:ppmoFiesteEnled
[  14.6955]np P AI it
[ 150776pn: P PIfod dece

[   15.674117] clocksource: acpi_pm: mask: 0xffffff max_cycles: 0xffffff, max_idle_ns: 2085701024 ns
[   15.951154] NET: Registered protocol family 2
[   16.030089] TCP established hash table entries: 8192 (order: 4, 65536 bytes)
[   16.093619] TCP bind hash table entries: 8192 (order: 5, 131072 bytes)
[   16.195988] TCP: Hash tables configured (established 8192 bind 8192)
[   16.226312] UDP hash table entries: 512 (order: 2, 16384 bytes)
[   16.250445] UDP-Lite hash table entries: 512 (order: 2, 16384 bytes)
[   16.273507] NET: Registered protocol family 1
[   16.355953] pci 0000:00:00.0: Limiting direct PCI/PCI transfers
[   16.446007] pci 0000:00:01.0: Activating ISA DMA hang workarounds
[   16.472306] Unpacking initramfs...
[   18.511803] Freeing initrd memory: 10792K
[   18.526821] RAPL PMU detected, API unit is 2^-32 Joules, 4 fixed counters 10737418240 ms ovfl timer
[   18.543080] hw unit of domain pp0-core 2^-0 Joules
[   18.545805] hw unit of domain package 2^-0 Joules
[   18.605892] hw unit of domain dram 2^-0 Joules
[   18.627658] hw unit of domain pp1-gpu 2^-0 Joules
[   18.648736] platform rtc_cmos: registered platform RTC device (no PNP device found)
[   18.671873] Scanning for low memory corruption every 60 seconds
[   18.674941] audit: initializing netlink subsys (disabled)
[   18.730875] audit: type=2000 audit(1517919505.680:1): initialized
[   18.732710] Initialise system trusted keyring
[   18.734177] HugeTLB registered 2 MB page size, pre-allocated 0 pages
[   18.818728] zbud: loaded
[   18.839344] VFS: Disk quotas dquot_6.6.0
[   18.878576] VFS: Dquot-cache hash table entries: 512 (order 0, 4096 bytes)
[   18.930473] squashfs: version 4.0 (2009/01/31) Phillip Lougher
[   18.969951] fuse init (API version 7.23)
[   19.027055] Key type big_key registered
[   19.048720] Allocating IMA MOK and blacklist keyrings.
[   19.095696] Key type asymmetric registered
[   19.099773] Asymmetric key parser 'x509' registered
[   19.120752] Block layer SCSI generic (bsg) driver version 0.4 loaded (major 249)
[   19.157637] io scheduler noop registered
[   19.228519] io scheduler deadline registered (default)
[   19.311975] io scheduler cfq registered
[   19.418352] pci_hotplug: PCI Hot Plug PCI Core version: 0.5
[   19.446666] pciehp: PCI Express Hot Plug Controller Driver version: 0.4
[   19.576426] ACPI: AC Adapter [AC] (on-line)
[   19.595653] input: Power Button as /devices/LNXSYSTM:00/LNXPWRBN:00/input/input0
[   19.621917] ACPI: Power Button [PWRF]
[   19.628279] input: Sleep Button as /devices/LNXSYSTM:00/LNXSLPBN:00/input/input1
[   19.669153] tsc: Refined TSC clocksource calibration: 1600.929 MHz
[   19.694345] clocksource: tsc: mask: 0xffffffffffffffff max_cycles: 0x1713928f502, max_idle_ns: 440795223414 ns
[   19.694408] ACPI: Sleep Button [SLPF]
[   19.879989] GHES: HEST is not enabled!
[   19.881140] ACPI: Battery Slot [BAT0] (battery present)
[   19.881194] Serial: 8250/16550 driver, 32 ports, IRQ sharing enabled
[   19.962765] 00:02: ttyS0 at I/O 0x3f8 (irq = 4, base_baud = 115200) is a 16550A
[   20.045476] Linux agpgart interface v0.103
[   20.053440] loop: module loaded
[   20.054082] scsi host0: ata_piix
[   20.054148] scsi host1: ata_piix
[   20.054180] ata1: PATA max UDMA/33 cmd 0x1f0 ctl 0x3f6 bmdma 0xd000 irq 14
[[  20.054181] ata2: PATA max UDMA/33 cmd 0x170 ctl 0x376 bmdma 0xd008 irq 15
[   20.054253] libphy: Fixed MDIO Bus: probed
[   20.054255] tun: Universal TUN/TAP device driver, 1.6
[   20.054255] tun: (C) 1999-2004 Max Krasnyansky <maxk@qualcomm.com>
[   20.054582] PPP generic driver version 2.4.2
[   20.054654] ehci_hcd: USB 2.0 'Enhanced' Host Controller (EHCI) Driver
[   20.054658] ehci-pci: EHCI PCI platform driver
[   20.054674] ehci-platform: EHCI generic platform driver
[   20.054682] ohci_hcd: USB 1.1 'Open' Host Controller (OHCI) Driver
[   20.054684] ohci-pci: OHCI PCI platform driver
[   20.054693] ohci-platform: OHCI generic platform driver
[   20.054700] uhci_hcd: USB Universal Host Controller Interface driver
[   20.054756] i8042: PNP: PS/2 Controller [PNP0303:PS2K,PNP0f03:PS2M] at 0x60,0x64 irq 1,12
[   20.055260] serio: i8042 KBD port at 0x60,0x64 irq 1
[   20.055263] serio: i8042 AUX port at 0x60,0x64 irq 12
[   20.055364] mousedev: PS/2 mouse device common for all mice
[   20.055640] input: AT Translated Set 2 keyboard as /devices/platform/i8042/serio0/input/input2
[   20.056043] rtc_cmos rtc_cmos: rtc core: registered rtc_cmos as rtc0
[   20.056106] rtc_cmos rtc_cmos: alarms up to one day, 114 bytes nvram
[   20.056113] i2c /dev entries driver
[   20.056165] device-mapper: uevent: version 1.0.3
[   20.056219] device-mapper: ioctl: 4.34.0-ioctl (2015-10-28) initialised: dm-devel@redhat.com
[   20.056237] ledtrig-cpu: registered to indicate activity on CPUs
[   20.056516] NET: Registered protocol family 10
[   20.056689] NET: Registered protocol family 17
[   20.056699] Key type dns_resolver registered
[   20.056861] microcode: CPU0 sig=0x306d4, pf=0x40, revision=0x0
[   20.060855] microcode: CPU1 sig=0x306d4, pf=0x40, revision=0x0
[   20.060897] microcode: Microcode Update Driver: v2.01 <tigran@aivazian.fsnet.co.uk>, Peter Oruba
[   20.061018] registered taskstats version 1
[   20.061031] Loading compiled-in X.509 certificates
[   20.061726] Loaded X.509 cert 'Build time autogenerated kernel key: 4c603087bab8f0a02cb3b4e1fb4c40f507e71ef1'
[   20.061744] zswap: loaded using pool lzo/zbud
[   20.063995] Key type trusted registered
[   20.068298] Key type encrypted registered
[   20.068306] AppArmor: AppArmor sha1 policy hashing enabled
[   20.068310] ima: No TPM chip found, activating TPM-bypass!
[   20.068330] evm: HMAC attrs: 0x1
[   20.068631]   Magic number: 6:966:328
[   20.072354] rtc_cmos rtc_cmos: setting system clock to 2018-02-06 12:18:35 UTC (1517919515)
[   20.072435] BIOS EDD facility v0.16 2004-Jun-25, 0 devices found
[   20.072435] EDD information not available.
[   21.877069] Freeing unused kernel memory: 1508K
[   23.035205] Write protecting the kernel read-only data: 14336k
[   23.083212] Freeing unused kernel memory: 1728K
[   23.104968] Freeing unused kernel memory: 108K
Loading, please wait...
[   23.124879] random: systemd-udevd: uninitialized urandom read (16 bytes read, 9 bits of entropy available)
starting version[   23.125857] random: udevadm: uninitialized urandom read (16 bytes read, 9 bits of entropy available)
 229
[   23.125896] random: udevadm: uninitialized urandom read (16 bytes read, 9 bits of entropy available)
[   23.139235] random: udevadm: uninitialized urandom read (16 bytes read, 9 bits of entropy available)
[   23.139292] random: udevadm: uninitialized urandom read (16 bytes read, 9 bits of entropy available)
[   23.139482] random: udevadm: uninitialized urandom read (16 bytes read, 9 bits of entropy available)
[   23.139555] random: udevadm: uninitialized urandom read (16 bytes read, 9 bits of entropy available)
[   23.139626] random: udevadm: uninitialized urandom read (16 bytes read, 9 bits of entropy available)
[   23.139701] random: udevadm: uninitialized urandom read (16 bytes read, 9 bits of entropy available)
[   23.139772] random: udevadm: uninitialized urandom read (16 bytes read, 9 bits of entropy available)
[   23.763111] e1000: Intel(R) PRO/1000 Network Driver - version 7.3.21-k8-NAPI
[   23.816516] e1000: Copyright (c) 1999-2006 Intel Corporation.
[   23.845579] Fusion MPT base driver 3.04.20
[   23.860567] Copyright (c) 1999-2008 LSI Corporation
[   23.940039] AVX2 version of gcm_enc/dec engaged.
[   23.951120] AES CTR mode by8 optimization enabled
[   23.970137] Fusion MPT SPI Host driver 3.04.20
[   24.132149] input: ImExPS/2 Generic Explorer Mouse as /devices/platform/i8042/serio1/input/input4
[   24.325885] e1000 0000:00:03.0 eth0: (PCI:33MHz:32-bit) 02:db:14:78:b4:e6
[   24.366494] e1000 0000:00:03.0 eth0: Intel(R) PRO/1000 Network Connection
[   24.409879] mptbase: ioc0: Initiating bringup
[   24.410716] e1000 0000:00:03.0 enp0s3: renamed from eth0
[   24.703321] ioc0: LSI53C1030 A0: Capabilities={Initiator}
[   25.676981] scsi host2: ioc0: LSI53C1030 A0, FwRev=00000000h, Ports=1, MaxQ=256, IRQ=20
[   26.165134] scsi 2:0:0:0: Direct-Access     VBOX     HARDDISK         1.0  PQ: 0 ANSI: 5
[   26.253387] scsi target2:0:0: Beginning Domain Validation
[   26.295011] scsi target2:0:0: Domain Validation skipping write tests
[   27.023079] scsi target2:0:0: Ending Domain Validation
[   27.068218] floppy0: no floppy controllers found
[   27.086780] scsi target2:0:0: asynchronous
[   27.098600] scsi 2:0:1:0: Direct-Access     VBOX     HARDDISK         1.0  PQ: 0 ANSI: 5
[   27.158588] scsi target2:0:1: Beginning Domain Validation
[   27.204298] scsi target2:0:1: Domain Validation skipping write tests
[   27.274240] scsi target2:0:1: Ending Domain Validation
[   27.305300] scsi target2:0:1: asynchronous
[   27.342579] sd 2:0:0:0: Attached scsi generic sg0 type 0
[   27.369177] sd 2:0:0:0: [sda] 20971520 512-byte logical blocks: (10.7 GB/10.0 GiB)
[   27.371551] sd 2:0:0:0: [sda] Write Protect is off
[   27.421842] sd 2:0:1:0: [sdb] 20480 512-byte logical blocks: (10.5 MB/10.0 MiB)
[   27.489345] sd 2:0:1:0: Attached scsi generic sg1 type 0
[   27.552770] sd 2:0:0:0: [sda] Incomplete mode parameter data
[   27.552940] sd 2:0:1:0: [sdb] Write Protect is off
[   27.553060] sd 2:0:1:0: [sdb] Incomplete mode parameter data
[   27.553061] sd 2:0:1:0: [sdb] Assuming drive cache: write through
[   27.554807] sd 2:0:1:0: [sdb] Attached SCSI disk
[   27.817230] sd 2:0:0:0: [sda] Assuming drive cache: write through
[   27.841616]  sda: sda1
[   27.850269] sd 2:0:0:0: [sda] Attached SCSI disk
Begin: Loading e[   29.281646] md: linear personality registered for level -1
ssential drivers[   29.325358] md: multipath personality registered for level -4
 ... [   29.384078] md: raid0 personality registered for level 0
[   29.439459] md: raid1 personality registered for level 1
[   29.560153] raid6: sse2x1   gen()  7787 MB/s
[   29.679976] raid6: sse2x1   xor()  3910 MB/s
[   29.780080] raid6: sse2x2   gen()  8932 MB/s
[   29.896154] raid6: sse2x2   xor()  5458 MB/s
[   29.999962] raid6: sse2x4   gen() 10779 MB/s
[   30.099874] raid6: sse2x4   xor()  7212 MB/s
[   30.204072] raid6: avx2x1   gen() 14536 MB/s
[   30.312099] raid6: avx2x2   gen() 16872 MB/s
[   30.420132] raid6: avx2x4   gen() 20173 MB/s
[   30.452471] raid6: using algorithm avx2x4 gen() 20173 MB/s
[   30.513034] raid6: using avx2x2 recovery algorithm
[   30.539644] xor: automatically using best checksumming function:
[   30.608000]    avx       : 22894.000 MB/sec
[   30.669886] async_tx: api initialized (async)
[   30.739805] md: raid6 personality registered for level 6
[   30.752930] md: raid5 personality registered for level 5
[   30.762409] md: raid4 personality registered for level 4
[   30.825609] md: raid10 personality registered for level 10
done.
Begin: Running /scripts/init-premount ... done.
Begin: Mounting root file syste[   30.875661] Btrfs loaded
m ... Begin: Running /scripts/local-top ... done.
Begin: Running /scripts/local-premount ... Scanning for Btrfs filesystems
done.
Warning: fs[   30.930884] EXT4-fs (sda1): mounted filesystem with ordered data mode. Opts: (null)
ck not present, so skipping root file system
done.
Begin: Running /scripts/local-bottom ... done.
Begin: Running /scripts/init-bottom ... done.
[   31.142407] systemd[1]: systemd 229 running in system mode. (+PAM +AUDIT +SELINUX +IMA +APPARMOR +SMACK +SYSVINIT +UTMP +LIBCRYPTSETUP +GCRYPT +GNUTLS +ACL +XZ -LZ4 +SECCOMP +BLKID +ELFUTILS +KMOD -IDN)
[   31.271203] systemd[1]: Detected virtualization oracle.
[   31.320608] systemd[1]: Detected architecture x86-64.

Welcome to [1mUbuntu 16.04.3 LTS[0m!

[ 311319syem1]: Set hstmeo <ubunu>
[   31.954115] systemd[1]: Initializing machine ID from random generator.
[   31.988947] systemd[1]: Installed transient /etc/machine-id file.
[   32.141727] random: nonblocking pool is initialized
[   32.260650] systemd[1]: Created slice User and Session Slice.
[[0;32m  OK  [0m] Created slice User and Session Slice.
[   3.37429syem1]StrtedTrigr sovconf updatfoneworkd DN
[[0;32m  OK  [0m] Started Trigger resolvconf update for networkd DNS.
[  33.16466] ysmd1]Litengn evnictl ompatibility Nad ip
[[0;32m  OK  [0m] Listening on /dev/initctl Compatibility Named Pipe.
[  3925113]syem[1]: Reache target wa
[[0;32m  OK  [0m] Reached target Swap.
[ 34324501]ysmd]:isnig onLV pl em sket.
[[0;32m  OK  [0m] Listening on LVM2 poll daemon socket.
[ 35.15266] ystemd[1] Lteinonoualoct.
[[0;32m  OK  [0m] Listening on Journal Socket.
[ 355111] sted[: Listenig  Jrnl Audi Sck.
[[0;32m  OK  [0m] Listening on Journal Audit Socket.
[   36.388991] systed[: t p tomount Arbitrary Executable File Formats Fie stem utmontPont.
[[0;32m  OK  [0m] Set up automount Arbitrary Executab...ats File System Automount Point.
[   36.936150] systemd[1]: Listening on udev Control Socket.
[[0;32m  OK  [0m] Listening on udev Control Socket.
[  3.968179 ste[1: Litengn vie-ppr eventdaonFIFO.

[[0;32m  OK  [0m] Listening on Device-mapper event daemon FIFOs.
[  373439]syte[1: Reacedart User and Group amLoup.
[[0;32m  OK  [0m] Reached target User and Group Name Lookups.
[ 3874373 systemd[1]Rehed art crptedVome.
[[0;32m  OK  [0m] Reached target Encrypted Volumes.
[ 39.229903] systemd[1]: Created slice System Slice.

[[0;32m  OK  [0m] Created slice System Slice.
[   39.332834] systemd[1]: Mounting Debug File System...
         Mounting Debug File System...
[   39.407457] systemd[1]: Created slice system-serial\x2dgetty.slice.
[[0;32m  OK  [0m] Created slice system-serial\x2dgetty.slice.
[   39.424494] systemd[1]: Starting Nameserver information manager...
         Starting Nameserver information manager...
[ 39067]ystemd1]Rechedtagetlies.
[[0;32m  OK  [0m] Reached target Slices.
[   40.080706] systemd[1]: Starting Create list of required static device nodes for the current kernel...
         Starting Create list of required st... nodes for the current kernel...
[   40.164384] systemd[1]: Starting Load Kernel Modules...
         [   40.237769] Loading iSCSI transport class v2.0-870.
Starting Load Kernel Modules...
[   40.261651] systemd[1]: Mounting POSIX Message Queue File System...
         [   40.276149] iscsi: registered transport (tcp)
Mounting POSIX Message Queue File System...
[   40.336265] systemd[1]: Listening on Journal Socket (/dev/log).
[[0;32m  OK  [0m] Listening on [   40.357522] iscsi: registered transport (iser)
Journal Socket (/dev/log).
[   40.456787] systemd[1]: Mounting Huge Pages File System...
         Mounting Huge Pages File System...
[   40.536908] systemd[1]: Starting Remount Root and Kernel File Systems...
         [   40.623108] EXT4-fs (sda1): re-mounted. Opts: (null)
Starting Remount Root and Kernel File Systems...
[   40.725035] systemd[1]: Strt Frward Password Requests toWa Dretory at.
[[0;32m  OK  [0m] Started Forward Password Requests to Wall Directory Watch.
[   41.212916] systemd[1]: Starting Uncomplicated firewall...
         Starting Uncomplicated firewall...
[   41.278328] systemd[1]: ListeninonLV2 etdaa demon socket.

[[0;32m  OK  [0m] Listening on LVM2 metadata daemon socket.
[   41.600664] systemd[1]: Starting Monitoring of LVM2 mirrors, snapshots etc. using dmeventd or progress polling...
         Starting Monitoring of LVM2 mirrors... dmeventd or progress polling...
[   41.623363] systemd[1]: Listening on udev Kernel Socket.
[[0;32m  OK  [0m] Listening on udev Kernel Socket.
[   41.672309] systemd[1]: Listening on Syslog Socket.
[[0;32m  OK  [0m] Listening on Syslog Socket.
[   41.692607] systemd[1]: Starting Journal Service...
         Starting Journal Service...
[   41.698517] systemd[1]: Starting Set console keymap...
         Starting Set console keymap...
[   41.737081] systemd[1]: Mounted POSIX Message Queue File System.
[[0;32m  OK  [0m] Mounted POSIX Message Queue File System.
[   41.761988] systemd[1]: Mounted Debug File System.
[[0;32m  OK  [0m] Mounted Debug File System.
[   41.768063] systemd[1]: Mounted Huge Pages File System.
[[0;32m  OK  [0m] Mounted Huge Pages File System.
[   41.790882] systemd[1]: Started Journal Service.
[[0;32m  OK  [0m] Started Journal Service.
[[0;32m  OK  [0m] Started Create list of required sta...ce nodes for the current kernel.
[[0;32m  OK  [0m] Started Load Kernel Modules.
[[0;32m  OK  [0m] Started Remount Root and Kernel File Systems.
[[0;32m  OK  [0m] Started Uncomplicated firewall.
[[0;32m  OK  [0m] Started Set console keymap.
[[0;32m  OK  [0m] Started Nameserver information manager.
[[0;32m  OK  [0m] Started LVM2 metadata daemon.
         Starting Load/Save Random Seed...
         Starting udev Coldplug all Devices...
         Starting Initial cloud-init job (pre-networking)...
         Starting Apply Kernel Variables...
         Mounting FUSE Control File System...
         Starting Create Static Device Nodes in /dev...
         Starting Flush Journal to Persistent Storage...
[[0;32m  OK  [0m] Mounted FUSE Control File System.
[[0;32m  OK  [0m] Started Load/Save Random Seed.
[[0;32m  OK  [0m] Started Apply Kernel Variables.
[[0;32m  OK  [0m] Started Create Static Device Nodes in /dev.
[[0;32m  OK  [0m] Started udev Coldplug all Devices.
[[0;32m  OK  [0m] Started Flush Journal to Persistent Storage.
[[0;32m  OK  [0m] Started Monitoring of LVM2 mirrors,...ng dmeventd or progress polling.
         Starting udev Kernel Device Manager...
[[0;32m  OK  [0m] Started udev Kernel Device Manager.
[[0;32m  OK  [0m] Reached target Local File Systems (Pre).
[[0;32m  OK  [0m] Reached target Local File Systems.
         Starting Set console font and keymap...
         Starting LSB: AppArmor initialization...
         Starting Commit a transient machine-id on disk...
         Starting Create Volatile Files and Directories...
         Starting Tell Plymouth To Write Out Runtime Data...
[[0;32m  OK  [0m] Started Dispatch Password Requests to Console Directory Watch.
[[0;32m  OK  [0m] Started Commit a transient machine-id on disk.
[[0;32m  OK  [0m] Started Create Volatile Files and Directories.
[[0;32m  OK  [0m] Started Tell Plymouth To Write Out Runtime Data.
[[0;32m  OK  [0m] Found device /dev/ttyS0.
         Starting Update UTMP about System Boot/Shutdown...
[[0;32m  OK  [0m] Reached target System Time Synchronized.
[[0;32m  OK  [0m] Started Update UTMP about System Boot/Shutdown.
[[0;1;31mFAILED[0m] Failed to start Set console font and keymap.
See 'systemctl status console-setup.service' for details.
[   31.304035] cloud-init[448]: Cloud-init v. 17.1 running 'init-local' at Tue, 06 Feb 2018 12:18:59 +0000. Up 30.62 seconds.
[[0;32m  OK  [0m] Listening on Load/Save RF Kill Switch Status /dev/rfkill Watch.
[[0;32m  OK  [0m] Created slice system-getty.slice.
[[0;32m  OK  [0m] Started LSB: AppArmor initialization.
[[0;32m  OK  [0m] Started Initial cloud-init job (pre-networking).
[[0;32m  OK  [0m] Reached target Network (Pre).
         Starting Raise network interfaces...
[[0;32m  OK  [0m] Started Raise network interfaces.
[[0;32m  OK  [0m] Reached target Network.
         Starting Initial cloud-init job (metadata service crawler)...
[   34.912059] cloud-init[902]: Cloud-init v. 17.1 running 'init' at Tue, 06 Feb 2018 12:19:02 +0000. Up 33.50 seconds.
[   34.985516] [cloud-init[0;32m  OK  [0m[902]: ] ci-info: +++++++++++++++++++++++++++++++++++++Net device info++++++++++++++++++++++++++++++++++++++Started Initial cloud-init job (metadata service crawler).

[   34.986784] cloud-init[902]: ci-info: +--------+------+----------------------------+---------------+-------+-------------------+
[   35.157119] [cloud-init[0;32m  OK  [0m[902]: ] ci-info: | Device |  Up  |          Address           |      Mask     | Scope |     Hw-Address    |Reached target Network is Online.

[   35.157941] cloud-init[902]: ci-info: +--------+------+----------------------------+---------------+-------+-------------------+
[   35.276073]          cloud-initStarting iSCSI initiator daemon (iscsid)...[902]: 
ci-info: | enp0s3 | True |         10.0.2.15          | 255.255.255.0 |   .   | 02:db:14:78:b4:e6 |
[   35.421493] [cloud-init[0;32m  OK  [0m[902]: ] ci-info: | enp0s3 | True | fe80::db:14ff:fe78:b4e6/64 |       .       |  link | 02:db:14:78:b4:e6 |Reached target Cloud-config availability.

[   35.560790] [cloud-init[0;32m  OK  [0m[902]: ] ci-info: |   lo   | True |         127.0.0.1          |   255.0.0.0   |   .   |         .         |Reached target System Initialization.

[   35.561673] [[0;32m  OK  [0m] Listening on D-Bus System Message Bus Socket.
cloud-init[902]: ci-info: |   lo   | True |          ::1/128           |       .       |  host |         .         |
[   35.805433]          cloud-initStarting LXD - unix socket.[902]: 
ci-info: +--------+------+----------------------------+---------------+-------+-------------------+
[   35.953292] [cloud-init[0;32m  OK  [0m[902]: ] ci-info: +++++++++++++++++++++++++++Route IPv4 info++++++++++++++++++++++++++++Listening on ACPID Listen Socket.

[[0;32m  OK  [0m] Listening on UUID daemon activation socket.
[[0;32m  OK  [0m] Started Daily apt download activities.
[   35.954269] cloud-init[902]: ci-info: +-------+-------------+----------+---------------+-----------+-------+
[   36.201371] [cloud-init[0;32m  OK  [0m[902]: ] ci-info: | Route | Destination | Gateway  |    Genmask    | Interface | Flags |Started ACPI Events Check.

[[0;32m  OK  [0m] Reached target Paths.
[[0;32m  OK  [0m] Started Daily Cleanup of Temporary Directories.
[   36.202438] cloud-init[902]: ci-info: +-------+-------------+----------+---------------+-----------+-------+
[   36.377300]          cloud-initStarting Socket activation for snappy daemon.[902]: 
ci-info: |   0   |   0.0.0.0   | 10.0.2.2 |    0.0.0.0    |   enp0s3  |   UG  |
[   36.481495] [cloud-init[0;32m  OK  [0m[902]: ] ci-info: |   1   |   10.0.2.0  | 0.0.0.0  | 255.255.255.0 |   enp0s3  |   U   |Started Daily apt upgrade and clean activities.

[   36.482562] [cloud-init[0;32m  OK  [0m[902]: ] ci-info: +-------+-------------+----------+---------------+-----------+-------+Started Timer to automatically refresh installed snaps.

[[0;32m  OK  [0m] Reached target Timers.
[   36.568138] cloud-init[902]: Generating public/private rsa key pair.
[   36.816966] cloud-init[902]: Your identification has been saved in /etc/ssh/ssh_host_rsa_key.
[   36.856512] cloud-init[902]: Your public key has been saved in /etc/ssh/ssh_host_rsa_key.pub.
[   36.883922] cloud-init[902]: The key fingerprint is:
[   36.884630] cloud-init[902]: SHA256:K8rcB+3lEj0D85AqocnsqO6baq6YSQ5g/WmnJjfP6Y8 root@ubuntu-xenial
[[0;32m  OK  [0m] Listening on LXD - unix socket.
[[   36.884860] cloud-init[902]: The key's randomart image is:
[   37.041164] cloud-init[902]: +---[RSA 2048]----+
[   37.041623] cloud-init[902]: |                 |
[0;32m  OK  [0m] Listening on Socket activation for snappy daemon.
[   37.041749] cloud-init[902]: |                 |
[   37.129059] cloud-init[902]: |         .       |
[[0;32m  OK  [0m] Started iSCSI initiator daemon (iscsid).
[   37.129268] cloud-init[902]: |  . .   =        |
[   37.256670] cloud-init[902]: |.+ + . oS*       |
[   37.257604] cloud-init[902]: |o = o + o.*      |
         Starting Login to default iSCSI targets...
[   37.257778] cloud-init[902]: |.+   =.+.+ o     |
[   37.340158] cloud-init[902]: |*+o+.*+.* .      |
[[0;32m  OK  [0m] Reached target Sockets.
[[   37.340301] cloud-init[902]: |/B. B.=E.o       |
[0;32m  OK  [0m] Reached target Basic System.
[   37.446042] cloud-init[902]: +----[SHA256]-----+
[   37.544778] cloud-init[902]: Generating public/private dsa key pair.
[   37.545250] cloud-init[902]: Your identification has been saved in /etc/ssh/ssh_host_dsa_key.
         Starting /etc/rc.local Compatibility...
[   37.545593] cloud-init[902]: Your public key has been saved in /etc/ssh/ssh_host_dsa_key.pub.
[   37.794657] cloud-init[902]: The key fingerprint is:
[   37.795219] cloud-init[902]: SHA256:ODtobdSViadvqQFeFR8rQVwZODm9wewh1d/g2KW0HWI root@ubuntu-xenial
         Starting LSB: MD monitoring daemon...
[   37.795486] cloud-init[902]: The key's randomart image is:
[   37.984876] cloud-init[902]: +---[DSA 1024]----+
[   37.985426] cloud-init[902]: |         o+O=+   |
         Starting LXD - container startup/shutdown...
[   37.985679] cloud-init[902]: |         .B*BE+..|
[   38.132543] cloud-init[902]: |        . B=+O.Bo|
[   38.133104] cloud-init[902]: |       o = .+ = +|
[[0;32m  OK  [0m] Started FUSE filesystem for LXC.
[   38.133340] cloud-init[902]: |      = S        |
[   38.256898] cloud-init[902]: |     = = . .     |
[   38.257391]          Starting Login Service...
cloud-init[902]: |    o * . +      |
[   38.324633] cloud-init[902]: |   . . . +       |
[[0;32m  OK  [0m] Started Unattended Upgrades Shutdown.
[   38.325406] cloud-init[902]: |        .        |
[   38.511677] cloud-init[902]: +----[SHA256]-----+
[   38.512237] cloud-init[902]: Generating public/private ecdsa key pair.
         Starting Apply the settings specified in cloud-config...
[   38.512481] cloud-init[902]: Your identification has been saved in /etc/ssh/ssh_host_ecdsa_key.
[   38.577005] cloud-init[902]: Your public key has been saved in /etc/ssh/ssh_host_ecdsa_key.pub.
[   38.577342] cloud-init[902]: The key fingerprint is:
[   38.579652] cloud-init[902]: SHA256:Fz4RSJZqVor4vmgNAaB4zPA7ixCslUWlBMNSCbAmRFg root@ubuntu-xenial
         Starting LSB: Record successful boot for GRUB...
[   38.581706] cloud-init[902]: The key's randomart image is:
         Starting Snappy daemon...
[   38.671642] cloud-init[902]: +---[ECDSA 256]---+
[[0;32m  OK  [0m[   38.728891] ] cloud-initStarted Regular background program processing daemon.[902]: 
|XBE++...oo.      |
[   38.776744] cloud-init[902]: |O*o= . .+  .     |
         Starting Accounts Service...
[   38.777520] cloud-init[902]: |*=B... +  o      |
[   38.924573] cloud-init[902]: |++o.. =  . o     |
[[0;32m  OK  [0m] Started Deferred execution scheduler.
[   38.925296] cloud-init[902]: |o oo o  S +      |
[[   39.036709] cloud-init[902]: |...o.    . .     |
[   39.038612] cloud-init[902]: |. .+             |
[0;32m  OK  [0m] Started D-Bus System Message Bus.
[   39.039121] cloud-init[902]: |  ..o            |
[   39.105247] cloud-init[902]: | .. ..           |
[   39.132809] cloud-init[902]: +----[SHA256]-----+
[   39.156957] cloud-init[902]: Generating public/private ed25519 key pair.
[   39.157885] cloud-init[902]: Your identification has been saved in /etc/ssh/ssh_host_ed25519_key.
         Starting System Logging Service...
[   39.158148] cloud-init[902]: Your public key has been saved in /etc/ssh/ssh_host_ed25519_key.pub.
[   39.268733] cloud-init[902]: The key fingerprint is:
[[0;32m  OK  [0m] Started ACPI event daemon.
[   39.269876] cloud-init[902]: SHA256:iMdX7LoRzWskiqfaPjSYaEtD/pZRCQKV4nqRL3DlfG8 root@ubuntu-xenial
         Starting Pollinate to seed the pseudo random number generator...
[[0;32m  OK  [0m] Started Snappy daemon.
[[0;32m  OK  [0m] Started System Logging Service.
[[0;32m  OK  [0m] Started /etc/rc.local Compatibility.
[[0;32m  OK  [0m] Started LXD - container startup/shutdown.
[   39.336246] cloud-init[902]: The key's randomart image is:
[   39.396768] cloud-init[902]: +--[ED25519 256]--+
[   39.412944] cloud-init[902]: |o...             |
[   39.424299] cloud-init[902]: |.....    .       |
[   39.438581] cloud-init[902]: |...=. .   o      |
[   39.452677] cloud-init[902]: |.o+ o=.. =       |
[   39.458742] cloud-init[902]: |++ =o.+.S =      |
[   39.470972] cloud-init[902]: |o==.+o oE= .     |
[   39.500648] cloud-init[902]: |o.+o+.o.o o      |
[[0;32m  OK  [0m] Started LSB: MD monitoring daemon.
[   39.502977] cloud-init[902]: | . =.o   +       |
[[0;32m  OK  [0m] Started Login to default iSCSI targets.
[   39.570797] cloud-init[902]: |  oo+.  .        |
[   39.622364] cloud-init[902]: +----[SHA256]-----+
[[0;32m  OK  [0m] Started LSB: Record successful boot for GRUB.
[[0;32m  OK  [0m] Started Login Service.
         Starting Authenticate and Authorize Users to Run Privileged Tasks...
[[0;32m  OK  [0m] Reached target Remote File Systems (Pre).
[[0;32m  OK  [0m] Reached target Remote File Systems.
         Starting LSB: daemon to balance interrupts for SMP systems...
         Starting LSB: automatic crash report generation...
         Starting LSB: Set the CPU Frequency Scaling governor to "ondemand"...
         Starting LSB: VirtualBox Linux Additions...
         Starting Permit User Sessions...
[[0;32m  OK  [0m] Started Authenticate and Authorize Users to Run Privileged Tasks.
[[0;32m  OK  [0m] Started Permit User Sessions.
[[0;32m  OK  [0m] Started Accounts Service.
[[0;32m  OK  [0m] Started Pollinate to seed the pseudo random number generator.
[[0;32m  OK  [0m] Started LSB: automatic crash report generation.
[[0;32m  OK  [0m] Started LSB: Set the CPU Frequency Scaling governor to "ondemand".
         Starting OpenBSD Secure Shell server...
         Starting Hold until boot process finishes up...
         Starting Terminate Plymouth Boot Screen...
[[0;32m  OK  [0m] Started LSB: daemon to balance interrupts for SMP systems.
[[0;32m  OK  [0m] Started Hold until boot process finishes up.
[[0;32m  OK  [0m] Started Terminate Plymouth Boot Screen.
[   40.299605] cloud-init[1028]: Generating locales (this might take a while)...
[[0;32m  OK  [0m] Started OpenBSD Secure Shell server.
[[0;32m  OK  [0m] Started LSB: VirtualBox Linux Additions.
[[0;32m  OK  [0m] Started Getty on tty1.
[[0;32m  OK  [0m] Started Serial Getty on ttyS0.
[[0;32m  OK  [0m] Reached target Login Prompts.
         Starting Set console scheme...
[[0;32m  OK  [0m] Reached target Multi-User System.
[[0;32m  OK  [0m] Reached target Graphical Interface.
         Starting Update UTMP about System Runlevel Changes...
[[0;32m  OK  [0m] Started Set console scheme.
[[0;32m  OK  [0m] Created slice User Slice of vagrant.
[[0;32m  OK  [0m] Started Session 1 of user vagrant.
         Starting User Manager for UID 1000...
[[0;32m  OK  [0m] Started User Manager for UID 1000.
[[0;32m  OK  [0m] Started Update UTMP about System Runlevel Changes.
[   41.664580] cloud-init[1028]:   en_US.UTF-8... done
[   41.671819] cloud-init[1028]: Generation complete.
[   42.202562] cloud-init[1028]: Cloud-init v. 17.1 running 'modules:config' at Tue, 06 Feb 2018 12:19:08 +0000. Up 39.56 seconds.
[[0;32m  OK  [0m] Started Apply the settings specified in cloud-config.
         Starting Execute cloud user/final scripts...
ci-info: no authorized ssh keys fingerprints found for user ubuntu.
         Stopping User Manager for UID 1000...
<14>Feb  6 12:19:11 ec2: 
<14>Feb  6 12:19:11 ec2: #############################################################
<14>Feb  6 12:19:11 ec2: -----BEGIN SSH HOST KEY FINGERPRINTS-----
<14>Feb  6 12:19:11 ec2: 1024 SHA256:ODtobdSViadvqQFeFR8rQVwZODm9wewh1d/g2KW0HWI root@ubuntu-xenial (DSA)
<14>Feb  6 12:19:11 ec2: 256 SHA256:Fz4RSJZqVor4vmgNAaB4zPA7ixCslUWlBMNSCbAmRFg root@ubuntu-xenial (ECDSA)
<14>Feb  6 12:19:11 ec2: 256 SHA256:iMdX7LoRzWskiqfaPjSYaEtD/pZRCQKV4nqRL3DlfG8 root@ubuntu-xenial (ED25519)
<14>Feb  6 12:19:11 ec2: 2048 SHA256:K8rcB+3lEj0D85AqocnsqO6baq6YSQ5g/WmnJjfP6Y8 root@ubuntu-xenial (RSA)
<14>Feb  6 12:19:11 ec2: -----END SSH HOST KEY FINGERPRINTS-----
<14>Feb  6 12:19:11 ec2: #############################################################
-----BEGIN SSH HOST KEY KEYS-----
ecdsa-sha2-nistp256 AAAAE2VjZHNhLXNoYTItbmlzdHAyNTYAAAAIbmlzdHAyNTYAAABBBDyyYuSLX9GfcuKLjhsVIfNrPaBdpVDC0E7JpsZL23cJCKRc5au3xQz7mJRlwuEf+vlNfAFKKLeRZQsC6kOS2qY= root@ubuntu-xenial
ssh-ed25519 AAAAC3NzaC1lZDI1NTE5AAAAIBMDVbxG6LM7fbGnEm9zVTzrRMy8q4gwCQwH7PzHWnix root@ubuntu-xenial
ssh-rsa AAAAB3NzaC1yc2EAAAADAQABAAABAQCofkG3xFH9sMTlptAXBA1vFQNdTuCaODS9D0rCGfAu8EpXFH4KQnwirRX9dZP5QZ+ZZpvhEuX6i6XxsFwl/NoBj5vlUrlHVv0BLEyg3Xb9N6frNfVdyw6VvUnRYGfjuQLme4k41RYcpU68juDKDbDITTcfXzk08ojk/Ql8LjVhYgy3IDfVgTZisJuIJ/8Fnqrjtln0tLFMntHAQMI4sqc5lMevWexZx4/9DpdomLBDGcZjJZrFxA24DVYU77DC1oEXF7eT1wYvtiXaU/2qi/TQD+IcwMmkgXEjkApeEUbAi8X5Tf9YMGJFCCus2fpvBZ3xcxMNx9hO4V1Ua4hO4IGb root@ubuntu-xenial
-----END SSH HOST KEY KEYS-----
[[0;32m  OK  [0m] Stopped User Manager for UID 1000.
[   43.549501] cloud-init[1388]: Cloud-init v. 17.1 running 'modules:final' at Tue, 06 Feb 2018 12:19:11 +0000. Up 42.74 seconds.
[   43.640758] [cloud-init[0;32m  OK  [0m[1388]: ] ci-info: no authorized ssh keys fingerprints found for user ubuntu.Removed slice User Slice of vagrant.

[   43.641510] cloud-init[1388]: Cloud-init v. 17.1 finished at Tue, 06 Feb 2018 12:19:12 +0000. Datasource DataSourceNoCloud [seed=/dev/sdb][dsmode=net].  Up 43.53 seconds
[[0;32m  OK  [0m] Started Execute cloud user/final scripts.
[[0;32m  OK  [0m] Reached target Cloud-init target.

Ubuntu 16.04.3 LTS default-ubuntu-1604 ttyS0

default-ubuntu-1604 login: 